<?xml version="1.0" encoding="UTF-8"?>
<testsuite xmlns:xsi="http://www.w3.org/2001/XMLSchema-instance" xsi:noNamespaceSchemaLocation="https://maven.apache.org/surefire/maven-surefire-plugin/xsd/surefire-test-report.xsd" version="3.0.2" name="com.recipe.RecipeApplicationTests" time="2.942" tests="1" errors="0" skipped="0" failures="0">
  <properties>
[...]
</properties>
  <testcase name="contextLoads" classname="com.recipe.RecipeApplicationTests" time="0.721">
    <system-out><![CDATA[16:25:08.843 [main] INFO org.springframework.test.context.support.AnnotationConfigContextLoaderUtils -- Could not detect default configuration classes for test class [com.recipe.RecipeApplicationTests]: RecipeApplicationTests does not declare any static, non-private, non-final, nested classes annotated with @Configuration.
16:25:08.925 [main] INFO org.springframework.boot.test.context.SpringBootTestContextBootstrapper -- Found @SpringBootConfiguration com.recipe.RecipeApplication for test class com.recipe.RecipeApplicationTests

  .   ____          _            __ _ _
 /\\ / ___'_ __ _ _(_)_ __  __ _ \ \ \ \
( ( )\___ | '_ | '_| | '_ \/ _` | \ \ \ \
 \\/  ___)| |_)| | | | | || (_| |  ) ) ) )
  '  |____| .__|_| |_|_| |_\__, | / / / /
 =========|_|==============|___/=/_/_/_/

 :: Spring Boot ::                (v3.4.1)

2025-01-21T16:25:09.276+03:00  INFO 33912 --- [recipe] [           main] com.recipe.RecipeApplicationTests        : Starting RecipeApplicationTests using Java 17.0.10 with PID 33912 (started by mbasha in /home/mbasha/Desktop/recipe)
2025-01-21T16:25:09.278+03:00  INFO 33912 --- [recipe] [           main] com.recipe.RecipeApplicationTests        : No active profile set, falling back to 1 default profile: "default"
2025-01-21T16:25:10.587+03:00  INFO 33912 --- [recipe] [           main] o.s.v.b.OptionalValidatorFactoryBean     : Failed to set up a Bean Validation provider: jakarta.validation.NoProviderFoundException: Unable to create a Configuration, because no Jakarta Bean Validation provider could be found. Add a provider like Hibernate Validator (RI) to your classpath.
2025-01-21T16:25:10.911+03:00  INFO 33912 --- [recipe] [           main] com.recipe.RecipeApplicationTests        : Started RecipeApplicationTests in 1.871 seconds (process running for 2.656)
]]></system-out>
  </testcase>
</testsuite>